2025-04-04 09:24:28.194773 - Received CBT.V508.FILE418.PDS from FILE418.XMI 
2025-04-04 09:24:28.195702 - Found $$$#DATE.txt (text/plain) in CBT.V508.FILE418.PDS, moved to PDS/$$$#DATE
2025-04-04 09:24:28.195863 - Found $$DOC.txt (text/plain) in CBT.V508.FILE418.PDS, moved to PDS/$$DOC
2025-04-04 09:24:28.196003 - Found $INDEX.txt (text/plain) in CBT.V508.FILE418.PDS, moved to PDS/$INDEX
2025-04-04 09:24:28.196160 - Found @FILE418.txt (text/plain) in CBT.V508.FILE418.PDS, moved to PDS/@FILE418
2025-04-04 09:24:28.196287 - Found ACFEXPDT.txt (text/plain) in CBT.V508.FILE418.PDS, moved to PDS/ACFEXPDT
2025-04-04 09:24:28.196406 - Found ACFSCAN.txt (text/plain) in CBT.V508.FILE418.PDS, moved to PDS/ACFSCAN
2025-04-04 09:24:28.196529 - Found ACFVIOS.txt (text/plain) in CBT.V508.FILE418.PDS, moved to PDS/ACFVIOS
2025-04-04 09:24:28.196650 - Found ACFXPIRE.txt (text/plain) in CBT.V508.FILE418.PDS, moved to PDS/ACFXPIRE
2025-04-04 09:24:28.196769 - Found IEFUTL.txt (text/plain) in CBT.V508.FILE418.PDS, moved to PDS/IEFUTL
2025-04-04 09:24:28.196882 - Found IGGPRE00.txt (text/plain) in CBT.V508.FILE418.PDS, moved to PDS/IGGPRE00
2025-04-04 09:24:28.197038 - Found ISGGRNL0.txt (text/plain) in CBT.V508.FILE418.PDS, moved to PDS/ISGGRNL0
2025-04-04 09:24:28.197156 - Found IVP3480.txt (text/plain) in CBT.V508.FILE418.PDS, moved to PDS/IVP3480
2025-04-04 09:24:28.197277 - Found IVP3480J.jcl (text/plain) in CBT.V508.FILE418.PDS, moved to PDS/IVP3480J
2025-04-04 09:24:28.197403 - Found LGNPARMS.txt (text/plain) in CBT.V508.FILE418.PDS, moved to PDS/LGNPARMS
2025-04-04 09:24:28.197520 - Found LGNPXIT.txt (text/plain) in CBT.V508.FILE418.PDS, moved to PDS/LGNPXIT
2025-04-04 09:24:28.197643 - Found LIDCHK.txt (text/plain) in CBT.V508.FILE418.PDS, moved to PDS/LIDCHK
2025-04-04 09:24:28.197778 - Found MCS.txt (text/plain) in CBT.V508.FILE418.PDS, moved to PDS/MCS
2025-04-04 09:24:28.197896 - Found MCSOLD.txt (text/plain) in CBT.V508.FILE418.PDS, moved to PDS/MCSOLD
2025-04-04 09:24:28.198013 - Found MTP.txt (text/plain) in CBT.V508.FILE418.PDS, moved to PDS/MTP
2025-04-04 09:24:28.198132 - Found S000160.txt (text/plain) in CBT.V508.FILE418.PDS, moved to PDS/S000160
2025-04-04 09:24:28.198271 - Found S000180.txt (text/plain) in CBT.V508.FILE418.PDS, moved to PDS/S000180
2025-04-04 09:24:28.198384 - Found USERCFDE.txt (text/plain) in CBT.V508.FILE418.PDS, moved to PDS/USERCFDE
2025-04-04 09:24:28.198505 - Found USERLID.txt (text/plain) in CBT.V508.FILE418.PDS, moved to PDS/USERLID
2025-04-04 09:24:28.198631 - Found VLDEXIT.txt (text/plain) in CBT.V508.FILE418.PDS, moved to PDS/VLDEXIT
